sending incremental file list
./
host/
host/linux-x86/
host/linux-x86/bin/
host/linux-x86/bin/ale_database_builder
host/linux-x86/bin/ale_enigma
host/linux-x86/bin/ale_map_reader
host/linux-x86/bin/dalvik
host/linux-x86/bin/host_ale_printf_test
host/linux-x86/bin/quote_test
host/linux-x86/bin/xlog_filter_test
host/linux-x86/framework/
host/linux-x86/framework/jpe_tool.jar
host/linux-x86/framework/signapk.jar
host/linux-x86/lib/
host/linux-x86/lib/libdvm.so
host/linux-x86/obj/
host/linux-x86/obj/SHARED_LIBRARIES/
host/linux-x86/obj/SHARED_LIBRARIES/libdvm_intermediates/
host/linux-x86/obj/SHARED_LIBRARIES/libdvm_intermediates/export_includes
host/linux-x86/obj/STATIC_LIBRARIES/
host/linux-x86/obj/STATIC_LIBRARIES/libale_intermediates/
host/linux-x86/obj/STATIC_LIBRARIES/libale_intermediates/export_includes
host/linux-x86/obj/STATIC_LIBRARIES/libale_intermediates/libale.a
host/linux-x86/obj/STATIC_LIBRARIES/libdex_aosp_intermediates/
host/linux-x86/obj/STATIC_LIBRARIES/libdex_aosp_intermediates/export_includes
host/linux-x86/obj/STATIC_LIBRARIES/libdex_aosp_intermediates/libdex_aosp.a
host/linux-x86/obj/STATIC_LIBRARIES/libdex_intermediates/
host/linux-x86/obj/STATIC_LIBRARIES/libdex_intermediates/export_includes
host/linux-x86/obj/STATIC_LIBRARIES/libdex_intermediates/libdex.a
host/linux-x86/obj/STATIC_LIBRARIES/libxlog_intermediates/
host/linux-x86/obj/STATIC_LIBRARIES/libxlog_intermediates/export_includes
host/linux-x86/obj/STATIC_LIBRARIES/libxlog_intermediates/libxlog.a
host/linux-x86/obj/lib/
host/linux-x86/obj/lib/libdvm.so
target/
target/common/
target/common/obj/
target/common/obj/JAVA_LIBRARIES/
target/common/obj/JAVA_LIBRARIES/com.google.widevine.software.drm_intermediates/
target/common/obj/JAVA_LIBRARIES/com.google.widevine.software.drm_intermediates/classes.jar
target/common/obj/JAVA_LIBRARIES/com.google.widevine.software.drm_intermediates/javalib.jar
target/common/obj/JAVA_LIBRARIES/com.mediatek.amsplus_intermediates/
target/common/obj/JAVA_LIBRARIES/com.mediatek.amsplus_intermediates/classes.jar
target/common/obj/JAVA_LIBRARIES/com.mediatek.amsplus_intermediates/javalib.jar
target/common/obj/JAVA_LIBRARIES/com.mediatek.atv.adapter_intermediates/
target/common/obj/JAVA_LIBRARIES/com.mediatek.atv.adapter_intermediates/classes.jar
target/common/obj/JAVA_LIBRARIES/com.mediatek.atv.adapter_intermediates/javalib.jar
target/common/obj/JAVA_LIBRARIES/com.mediatek.j3m-static_intermediates/
target/common/obj/JAVA_LIBRARIES/com.mediatek.j3m-static_intermediates/classes.jar
target/common/obj/JAVA_LIBRARIES/com.mediatek.j3m-static_intermediates/javalib.jar
target/common/obj/JAVA_LIBRARIES/com.mediatek.ja3m-static_intermediates/
target/common/obj/JAVA_LIBRARIES/com.mediatek.ja3m-static_intermediates/classes.jar
target/common/obj/JAVA_LIBRARIES/com.mediatek.ja3m-static_intermediates/javalib.jar
target/common/obj/JAVA_LIBRARIES/com.mediatek.transcode_intermediates/
target/common/obj/JAVA_LIBRARIES/com.mediatek.transcode_intermediates/classes.jar
target/common/obj/JAVA_LIBRARIES/com.mediatek.transcode_intermediates/javalib.jar
target/common/obj/JAVA_LIBRARIES/com.mediatek.vcalendar_intermediates/
target/common/obj/JAVA_LIBRARIES/com.mediatek.vcalendar_intermediates/classes.jar
target/common/obj/JAVA_LIBRARIES/com.mediatek.vcalendar_intermediates/javalib.jar
target/common/obj/JAVA_LIBRARIES/static_gemini_intermediates/
target/common/obj/JAVA_LIBRARIES/static_gemini_intermediates/classes.jar
target/common/obj/JAVA_LIBRARIES/static_gemini_intermediates/javalib.jar
target/common/obj/JAVA_LIBRARIES/static_pluginmanager_intermediates/
target/common/obj/JAVA_LIBRARIES/static_pluginmanager_intermediates/classes.jar
target/common/obj/JAVA_LIBRARIES/static_pluginmanager_intermediates/javalib.jar
target/product/
target/product/ipro72_we_jb3/
target/product/ipro72_we_jb3/obj/
target/product/ipro72_we_jb3/obj/SHARED_LIBRARIES/
target/product/ipro72_we_jb3/obj/SHARED_LIBRARIES/gralloc.mt6572_intermediates/
target/product/ipro72_we_jb3/obj/SHARED_LIBRARIES/gralloc.mt6572_intermediates/export_includes
target/product/ipro72_we_jb3/obj/SHARED_LIBRARIES/libEGL_mali_intermediates/
target/product/ipro72_we_jb3/obj/SHARED_LIBRARIES/libEGL_mali_intermediates/export_includes
target/product/ipro72_we_jb3/obj/SHARED_LIBRARIES/libGLESv1_CM_mali_intermediates/
target/product/ipro72_we_jb3/obj/SHARED_LIBRARIES/libGLESv1_CM_mali_intermediates/export_includes
target/product/ipro72_we_jb3/obj/SHARED_LIBRARIES/libGLESv2_mali_intermediates/
target/product/ipro72_we_jb3/obj/SHARED_LIBRARIES/libGLESv2_mali_intermediates/export_includes
target/product/ipro72_we_jb3/obj/SHARED_LIBRARIES/libGdmaScalerPipe_intermediates/
target/product/ipro72_we_jb3/obj/SHARED_LIBRARIES/libGdmaScalerPipe_intermediates/export_includes
target/product/ipro72_we_jb3/obj/SHARED_LIBRARIES/libI420colorconvert_intermediates/
target/product/ipro72_we_jb3/obj/SHARED_LIBRARIES/libI420colorconvert_intermediates/export_includes
target/product/ipro72_we_jb3/obj/SHARED_LIBRARIES/libJniAtvService_intermediates/
target/product/ipro72_we_jb3/obj/SHARED_LIBRARIES/libJniAtvService_intermediates/export_includes
target/product/ipro72_we_jb3/obj/SHARED_LIBRARIES/libJpgDecPipe_intermediates/
target/product/ipro72_we_jb3/obj/SHARED_LIBRARIES/libJpgDecPipe_intermediates/export_includes
target/product/ipro72_we_jb3/obj/SHARED_LIBRARIES/libJpgEncPipe_intermediates/
target/product/ipro72_we_jb3/obj/SHARED_LIBRARIES/libJpgEncPipe_intermediates/export_includes
target/product/ipro72_we_jb3/obj/SHARED_LIBRARIES/libMali_intermediates/
target/product/ipro72_we_jb3/obj/SHARED_LIBRARIES/libMali_intermediates/export_includes
target/product/ipro72_we_jb3/obj/SHARED_LIBRARIES/libMtkOmxAMRNBDec_intermediates/
target/product/ipro72_we_jb3/obj/SHARED_LIBRARIES/libMtkOmxAMRNBDec_intermediates/export_includes
target/product/ipro72_we_jb3/obj/SHARED_LIBRARIES/libMtkOmxAMRWBDec_intermediates/
target/product/ipro72_we_jb3/obj/SHARED_LIBRARIES/libMtkOmxAMRWBDec_intermediates/export_includes
target/product/ipro72_we_jb3/obj/SHARED_LIBRARIES/libMtkOmxAacDec_intermediates/
target/product/ipro72_we_jb3/obj/SHARED_LIBRARIES/libMtkOmxAacDec_intermediates/export_includes
target/product/ipro72_we_jb3/obj/SHARED_LIBRARIES/libMtkOmxAacEnc_intermediates/
target/product/ipro72_we_jb3/obj/SHARED_LIBRARIES/libMtkOmxAacEnc_intermediates/export_includes
target/product/ipro72_we_jb3/obj/SHARED_LIBRARIES/libMtkOmxAdpcmDec_intermediates/
target/product/ipro72_we_jb3/obj/SHARED_LIBRARIES/libMtkOmxAdpcmDec_intermediates/export_includes
target/product/ipro72_we_jb3/obj/SHARED_LIBRARIES/libMtkOmxAdpcmEnc_intermediates/
target/product/ipro72_we_jb3/obj/SHARED_LIBRARIES/libMtkOmxAdpcmEnc_intermediates/export_includes
target/product/ipro72_we_jb3/obj/SHARED_LIBRARIES/libMtkOmxAmrEnc_intermediates/
target/product/ipro72_we_jb3/obj/SHARED_LIBRARIES/libMtkOmxAmrEnc_intermediates/export_includes
target/product/ipro72_we_jb3/obj/SHARED_LIBRARIES/libMtkOmxApeDec_intermediates/
target/product/ipro72_we_jb3/obj/SHARED_LIBRARIES/libMtkOmxApeDec_intermediates/export_includes
target/product/ipro72_we_jb3/obj/SHARED_LIBRARIES/libMtkOmxAwbEnc_intermediates/
target/product/ipro72_we_jb3/obj/SHARED_LIBRARIES/libMtkOmxAwbEnc_intermediates/export_includes
target/product/ipro72_we_jb3/obj/SHARED_LIBRARIES/libMtkOmxCore_intermediates/
target/product/ipro72_we_jb3/obj/SHARED_LIBRARIES/libMtkOmxCore_intermediates/export_includes
target/product/ipro72_we_jb3/obj/SHARED_LIBRARIES/libMtkOmxFlacDec_intermediates/
target/product/ipro72_we_jb3/obj/SHARED_LIBRARIES/libMtkOmxFlacDec_intermediates/export_includes
target/product/ipro72_we_jb3/obj/SHARED_LIBRARIES/libMtkOmxG711Dec_intermediates/
target/product/ipro72_we_jb3/obj/SHARED_LIBRARIES/libMtkOmxG711Dec_intermediates/export_includes
target/product/ipro72_we_jb3/obj/SHARED_LIBRARIES/libMtkOmxMp3Dec_intermediates/
target/product/ipro72_we_jb3/obj/SHARED_LIBRARIES/libMtkOmxMp3Dec_intermediates/export_includes
target/product/ipro72_we_jb3/obj/SHARED_LIBRARIES/libMtkOmxRawDec_intermediates/
target/product/ipro72_we_jb3/obj/SHARED_LIBRARIES/libMtkOmxRawDec_intermediates/export_includes
target/product/ipro72_we_jb3/obj/SHARED_LIBRARIES/libMtkOmxVdec_intermediates/
target/product/ipro72_we_jb3/obj/SHARED_LIBRARIES/libMtkOmxVdec_intermediates/export_includes
target/product/ipro72_we_jb3/obj/SHARED_LIBRARIES/libMtkOmxVenc_intermediates/
target/product/ipro72_we_jb3/obj/SHARED_LIBRARIES/libMtkOmxVenc_intermediates/export_includes
target/product/ipro72_we_jb3/obj/SHARED_LIBRARIES/libMtkOmxVorbisDec_intermediates/
target/product/ipro72_we_jb3/obj/SHARED_LIBRARIES/libMtkOmxVorbisDec_intermediates/export_includes
target/product/ipro72_we_jb3/obj/SHARED_LIBRARIES/libMtkOmxVorbisEnc_intermediates/
target/product/ipro72_we_jb3/obj/SHARED_LIBRARIES/libMtkOmxVorbisEnc_intermediates/export_includes
target/product/ipro72_we_jb3/obj/SHARED_LIBRARIES/libMtkVideoTranscoder_intermediates/
target/product/ipro72_we_jb3/obj/SHARED_LIBRARIES/libMtkVideoTranscoder_intermediates/export_includes
target/product/ipro72_we_jb3/obj/SHARED_LIBRARIES/libSwJpgCodec_intermediates/
target/product/ipro72_we_jb3/obj/SHARED_LIBRARIES/libSwJpgCodec_intermediates/export_includes
target/product/ipro72_we_jb3/obj/SHARED_LIBRARIES/libWVStreamControlAPI_L3_intermediates/
target/product/ipro72_we_jb3/obj/SHARED_LIBRARIES/libWVStreamControlAPI_L3_intermediates/export_includes
target/product/ipro72_we_jb3/obj/SHARED_LIBRARIES/liba3m_intermediates/
target/product/ipro72_we_jb3/obj/SHARED_LIBRARIES/liba3m_intermediates/export_includes
target/product/ipro72_we_jb3/obj/SHARED_LIBRARIES/libalehelloworld_intermediates/
target/product/ipro72_we_jb3/obj/SHARED_LIBRARIES/libalehelloworld_intermediates/export_includes
target/product/ipro72_we_jb3/obj/SHARED_LIBRARIES/libamr_wrap_intermediates/
target/product/ipro72_we_jb3/obj/SHARED_LIBRARIES/libamr_wrap_intermediates/export_includes
target/product/ipro72_we_jb3/obj/SHARED_LIBRARIES/libamrvt_intermediates/
target/product/ipro72_we_jb3/obj/SHARED_LIBRARIES/libamrvt_intermediates/export_includes
target/product/ipro72_we_jb3/obj/SHARED_LIBRARIES/libatvctrlservice_intermediates/
target/product/ipro72_we_jb3/obj/SHARED_LIBRARIES/libatvctrlservice_intermediates/export_includes
target/product/ipro72_we_jb3/obj/SHARED_LIBRARIES/libawb_wrap_intermediates/
target/product/ipro72_we_jb3/obj/SHARED_LIBRARIES/libawb_wrap_intermediates/export_includes
target/product/ipro72_we_jb3/obj/SHARED_LIBRARIES/libbtcust_intermediates/
target/product/ipro72_we_jb3/obj/SHARED_LIBRARIES/libbtcust_intermediates/export_includes
target/product/ipro72_we_jb3/obj/SHARED_LIBRARIES/libbtem_intermediates/
target/product/ipro72_we_jb3/obj/SHARED_LIBRARIES/libbtem_intermediates/export_includes
target/product/ipro72_we_jb3/obj/SHARED_LIBRARIES/libbtpcm_intermediates/
target/product/ipro72_we_jb3/obj/SHARED_LIBRARIES/libbtpcm_intermediates/export_includes
target/product/ipro72_we_jb3/obj/SHARED_LIBRARIES/libbtsniff_intermediates/
target/product/ipro72_we_jb3/obj/SHARED_LIBRARIES/libbtsniff_intermediates/export_includes
target/product/ipro72_we_jb3/obj/SHARED_LIBRARIES/libc_fdleak_debug_mtk_intermediates/
target/product/ipro72_we_jb3/obj/SHARED_LIBRARIES/libc_fdleak_debug_mtk_intermediates/export_includes
target/product/ipro72_we_jb3/obj/SHARED_LIBRARIES/libcamalgo_intermediates/
target/product/ipro72_we_jb3/obj/SHARED_LIBRARIES/libcamalgo_intermediates/export_includes
target/product/ipro72_we_jb3/obj/SHARED_LIBRARIES/libdpframework_intermediates/
target/product/ipro72_we_jb3/obj/SHARED_LIBRARIES/libdpframework_intermediates/export_includes
target/product/ipro72_we_jb3/obj/SHARED_LIBRARIES/libdrmmtkplugin_intermediates/
target/product/ipro72_we_jb3/obj/SHARED_LIBRARIES/libdrmmtkplugin_intermediates/export_includes
target/product/ipro72_we_jb3/obj/SHARED_LIBRARIES/libdrmmtkutil_intermediates/
target/product/ipro72_we_jb3/obj/SHARED_LIBRARIES/libdrmmtkutil_intermediates/export_includes
target/product/ipro72_we_jb3/obj/SHARED_LIBRARIES/libdrmwvmplugin_intermediates/
target/product/ipro72_we_jb3/obj/SHARED_LIBRARIES/libdrmwvmplugin_intermediates/export_includes
target/product/ipro72_we_jb3/obj/SHARED_LIBRARIES/libdvm_aosp_intermediates/
target/product/ipro72_we_jb3/obj/SHARED_LIBRARIES/libdvm_aosp_intermediates/export_includes
target/product/ipro72_we_jb3/obj/SHARED_LIBRARIES/libdvm_assert_intermediates/
target/product/ipro72_we_jb3/obj/SHARED_LIBRARIES/libdvm_assert_intermediates/export_includes
target/product/ipro72_we_jb3/obj/SHARED_LIBRARIES/libdvm_intermediates/
target/product/ipro72_we_jb3/obj/SHARED_LIBRARIES/libdvm_intermediates/export_includes
target/product/ipro72_we_jb3/obj/SHARED_LIBRARIES/libdvm_interp_intermediates/
target/product/ipro72_we_jb3/obj/SHARED_LIBRARIES/libdvm_interp_intermediates/export_includes
target/product/ipro72_we_jb3/obj/SHARED_LIBRARIES/libdvm_sv_intermediates/
target/product/ipro72_we_jb3/obj/SHARED_LIBRARIES/libdvm_sv_intermediates/export_includes
target/product/ipro72_we_jb3/obj/SHARED_LIBRARIES/libextavrcp_intermediates/
target/product/ipro72_we_jb3/obj/SHARED_LIBRARIES/libextavrcp_intermediates/export_includes
target/product/ipro72_we_jb3/obj/SHARED_LIBRARIES/libextavrcp_jni_intermediates/
target/product/ipro72_we_jb3/obj/SHARED_LIBRARIES/libextavrcp_jni_intermediates/export_includes
target/product/ipro72_we_jb3/obj/SHARED_LIBRARIES/libextbip_intermediates/
target/product/ipro72_we_jb3/obj/SHARED_LIBRARIES/libextbip_intermediates/export_includes
target/product/ipro72_we_jb3/obj/SHARED_LIBRARIES/libextbip_jni_intermediates/
target/product/ipro72_we_jb3/obj/SHARED_LIBRARIES/libextbip_jni_intermediates/export_includes
target/product/ipro72_we_jb3/obj/SHARED_LIBRARIES/libextbpp_intermediates/
target/product/ipro72_we_jb3/obj/SHARED_LIBRARIES/libextbpp_intermediates/export_includes
target/product/ipro72_we_jb3/obj/SHARED_LIBRARIES/libextbpp_jni_intermediates/
target/product/ipro72_we_jb3/obj/SHARED_LIBRARIES/libextbpp_jni_intermediates/export_includes
target/product/ipro72_we_jb3/obj/SHARED_LIBRARIES/libextdun_jni_intermediates/
target/product/ipro72_we_jb3/obj/SHARED_LIBRARIES/libextdun_jni_intermediates/export_includes
target/product/ipro72_we_jb3/obj/SHARED_LIBRARIES/libextftp_intermediates/
target/product/ipro72_we_jb3/obj/SHARED_LIBRARIES/libextftp_intermediates/export_includes
target/product/ipro72_we_jb3/obj/SHARED_LIBRARIES/libextftp_jni_intermediates/
target/product/ipro72_we_jb3/obj/SHARED_LIBRARIES/libextftp_jni_intermediates/export_includes
target/product/ipro72_we_jb3/obj/SHARED_LIBRARIES/libexthid_intermediates/
target/product/ipro72_we_jb3/obj/SHARED_LIBRARIES/libexthid_intermediates/export_includes
target/product/ipro72_we_jb3/obj/SHARED_LIBRARIES/libexthid_jni_intermediates/
target/product/ipro72_we_jb3/obj/SHARED_LIBRARIES/libexthid_jni_intermediates/export_includes
target/product/ipro72_we_jb3/obj/SHARED_LIBRARIES/libextjsr82_intermediates/
target/product/ipro72_we_jb3/obj/SHARED_LIBRARIES/libextjsr82_intermediates/export_includes
target/product/ipro72_we_jb3/obj/SHARED_LIBRARIES/libextmap_intermediates/
target/product/ipro72_we_jb3/obj/SHARED_LIBRARIES/libextmap_intermediates/export_includes
target/product/ipro72_we_jb3/obj/SHARED_LIBRARIES/libextmap_jni_intermediates/
target/product/ipro72_we_jb3/obj/SHARED_LIBRARIES/libextmap_jni_intermediates/export_includes
target/product/ipro72_we_jb3/obj/SHARED_LIBRARIES/libextopp_intermediates/
target/product/ipro72_we_jb3/obj/SHARED_LIBRARIES/libextopp_intermediates/export_includes
target/product/ipro72_we_jb3/obj/SHARED_LIBRARIES/libextopp_jni_intermediates/
target/product/ipro72_we_jb3/obj/SHARED_LIBRARIES/libextopp_jni_intermediates/export_includes
target/product/ipro72_we_jb3/obj/SHARED_LIBRARIES/libextpan_jni_intermediates/
target/product/ipro72_we_jb3/obj/SHARED_LIBRARIES/libextpan_jni_intermediates/export_includes
target/product/ipro72_we_jb3/obj/SHARED_LIBRARIES/libextpbap_intermediates/
target/product/ipro72_we_jb3/obj/SHARED_LIBRARIES/libextpbap_intermediates/export_includes
target/product/ipro72_we_jb3/obj/SHARED_LIBRARIES/libextpbap_jni_intermediates/
target/product/ipro72_we_jb3/obj/SHARED_LIBRARIES/libextpbap_jni_intermediates/export_includes
target/product/ipro72_we_jb3/obj/SHARED_LIBRARIES/libextsimap_intermediates/
target/product/ipro72_we_jb3/obj/SHARED_LIBRARIES/libextsimap_intermediates/export_includes
target/product/ipro72_we_jb3/obj/SHARED_LIBRARIES/libextsimap_jni_intermediates/
target/product/ipro72_we_jb3/obj/SHARED_LIBRARIES/libextsimap_jni_intermediates/export_includes
target/product/ipro72_we_jb3/obj/SHARED_LIBRARIES/libextsys_intermediates/
target/product/ipro72_we_jb3/obj/SHARED_LIBRARIES/libextsys_intermediates/export_includes
target/product/ipro72_we_jb3/obj/SHARED_LIBRARIES/libextsys_jni_intermediates/
target/product/ipro72_we_jb3/obj/SHARED_LIBRARIES/libextsys_jni_intermediates/export_includes
target/product/ipro72_we_jb3/obj/SHARED_LIBRARIES/libexttestmode_intermediates/
target/product/ipro72_we_jb3/obj/SHARED_LIBRARIES/libexttestmode_intermediates/export_includes
target/product/ipro72_we_jb3/obj/SHARED_LIBRARIES/libfile_op_intermediates/
target/product/ipro72_we_jb3/obj/SHARED_LIBRARIES/libfile_op_intermediates/export_includes
target/product/ipro72_we_jb3/obj/SHARED_LIBRARIES/libflv_intermediates/
target/product/ipro72_we_jb3/obj/SHARED_LIBRARIES/libflv_intermediates/export_includes
target/product/ipro72_we_jb3/obj/SHARED_LIBRARIES/libflvextractor_intermediates/
target/product/ipro72_we_jb3/obj/SHARED_LIBRARIES/libflvextractor_intermediates/export_includes
target/product/ipro72_we_jb3/obj/SHARED_LIBRARIES/libhwm_intermediates/
target/product/ipro72_we_jb3/obj/SHARED_LIBRARIES/libhwm_intermediates/export_includes
target/product/ipro72_we_jb3/obj/SHARED_LIBRARIES/libja3m_intermediates/
target/product/ipro72_we_jb3/obj/SHARED_LIBRARIES/libja3m_intermediates/export_includes
target/product/ipro72_we_jb3/obj/SHARED_LIBRARIES/libjpeg_intermediates/
target/product/ipro72_we_jb3/obj/SHARED_LIBRARIES/libjpeg_intermediates/export_includes
target/product/ipro72_we_jb3/obj/SHARED_LIBRARIES/libjtranscode_intermediates/
target/product/ipro72_we_jb3/obj/SHARED_LIBRARIES/libjtranscode_intermediates/export_includes
target/product/ipro72_we_jb3/obj/SHARED_LIBRARIES/libloudnesswrapper_mtk_intermediates/
target/product/ipro72_we_jb3/obj/SHARED_LIBRARIES/libloudnesswrapper_mtk_intermediates/export_includes
target/product/ipro72_we_jb3/obj/SHARED_LIBRARIES/libm4u_intermediates/
target/product/ipro72_we_jb3/obj/SHARED_LIBRARIES/libm4u_intermediates/export_includes
target/product/ipro72_we_jb3/obj/SHARED_LIBRARIES/libmexif_intermediates/
target/product/ipro72_we_jb3/obj/SHARED_LIBRARIES/libmexif_intermediates/export_includes
target/product/ipro72_we_jb3/obj/SHARED_LIBRARIES/libmhalImageCodec_intermediates/
target/product/ipro72_we_jb3/obj/SHARED_LIBRARIES/libmhalImageCodec_intermediates/export_includes
target/product/ipro72_we_jb3/obj/SHARED_LIBRARIES/libmhalutility_intermediates/
target/product/ipro72_we_jb3/obj/SHARED_LIBRARIES/libmhalutility_intermediates/export_includes
target/product/ipro72_we_jb3/obj/SHARED_LIBRARIES/libmmprofile_intermediates/
target/product/ipro72_we_jb3/obj/SHARED_LIBRARIES/libmmprofile_intermediates/export_includes
target/product/ipro72_we_jb3/obj/SHARED_LIBRARIES/libmpo_intermediates/
target/product/ipro72_we_jb3/obj/SHARED_LIBRARIES/libmpo_intermediates/export_includes
target/product/ipro72_we_jb3/obj/SHARED_LIBRARIES/libmpodecoder_intermediates/
target/product/ipro72_we_jb3/obj/SHARED_LIBRARIES/libmpodecoder_intermediates/export_includes
target/product/ipro72_we_jb3/obj/SHARED_LIBRARIES/libmpoencoder_intermediates/
target/product/ipro72_we_jb3/obj/SHARED_LIBRARIES/libmpoencoder_intermediates/export_includes
target/product/ipro72_we_jb3/obj/SHARED_LIBRARIES/libmtk_drvb_intermediates/
target/product/ipro72_we_jb3/obj/SHARED_LIBRARIES/libmtk_drvb_intermediates/export_includes
target/product/ipro72_we_jb3/obj/SHARED_LIBRARIES/libmtk_vt_client_intermediates/
target/product/ipro72_we_jb3/obj/SHARED_LIBRARIES/libmtk_vt_client_intermediates/export_includes
target/product/ipro72_we_jb3/obj/SHARED_LIBRARIES/libmtk_vt_em_intermediates/
target/product/ipro72_we_jb3/obj/SHARED_LIBRARIES/libmtk_vt_em_intermediates/export_includes
target/product/ipro72_we_jb3/obj/SHARED_LIBRARIES/libmtk_vt_service_intermediates/
target/product/ipro72_we_jb3/obj/SHARED_LIBRARIES/libmtk_vt_service_intermediates/export_includes
target/product/ipro72_we_jb3/obj/SHARED_LIBRARIES/libmtk_vt_swip_intermediates/
target/product/ipro72_we_jb3/obj/SHARED_LIBRARIES/libmtk_vt_swip_intermediates/export_includes
target/product/ipro72_we_jb3/obj/SHARED_LIBRARIES/libmtk_vt_utils_intermediates/
target/product/ipro72_we_jb3/obj/SHARED_LIBRARIES/libmtk_vt_utils_intermediates/export_includes
target/product/ipro72_we_jb3/obj/SHARED_LIBRARIES/libmtka2dp_intermediates/
target/product/ipro72_we_jb3/obj/SHARED_LIBRARIES/libmtka2dp_intermediates/export_includes
target/product/ipro72_we_jb3/obj/SHARED_LIBRARIES/libmtkbtextadp_intermediates/
target/product/ipro72_we_jb3/obj/SHARED_LIBRARIES/libmtkbtextadp_intermediates/export_includes
target/product/ipro72_we_jb3/obj/SHARED_LIBRARIES/libmtkbtextadpa2dp_intermediates/
target/product/ipro72_we_jb3/obj/SHARED_LIBRARIES/libmtkbtextadpa2dp_intermediates/export_includes
target/product/ipro72_we_jb3/obj/SHARED_LIBRARIES/libmtkbtextpan_intermediates/
target/product/ipro72_we_jb3/obj/SHARED_LIBRARIES/libmtkbtextpan_intermediates/export_includes
target/product/ipro72_we_jb3/obj/SHARED_LIBRARIES/libmtkbtextspp_intermediates/
target/product/ipro72_we_jb3/obj/SHARED_LIBRARIES/libmtkbtextspp_intermediates/export_includes
target/product/ipro72_we_jb3/obj/SHARED_LIBRARIES/libmtkjpeg_intermediates/
target/product/ipro72_we_jb3/obj/SHARED_LIBRARIES/libmtkjpeg_intermediates/export_includes
target/product/ipro72_we_jb3/obj/SHARED_LIBRARIES/libmtkplayer_intermediates/
target/product/ipro72_we_jb3/obj/SHARED_LIBRARIES/libmtkplayer_intermediates/export_includes
target/product/ipro72_we_jb3/obj/SHARED_LIBRARIES/libnativecheck-jni_intermediates/
target/product/ipro72_we_jb3/obj/SHARED_LIBRARIES/libnativecheck-jni_intermediates/export_includes
target/product/ipro72_we_jb3/obj/SHARED_LIBRARIES/libnvram_intermediates/
target/product/ipro72_we_jb3/obj/SHARED_LIBRARIES/libnvram_intermediates/export_includes
target/product/ipro72_we_jb3/obj/SHARED_LIBRARIES/libpalsecurity_intermediates/
target/product/ipro72_we_jb3/obj/SHARED_LIBRARIES/libpalsecurity_intermediates/export_includes
target/product/ipro72_we_jb3/obj/SHARED_LIBRARIES/libpalwlan_mtk_intermediates/
target/product/ipro72_we_jb3/obj/SHARED_LIBRARIES/libpalwlan_mtk_intermediates/export_includes
target/product/ipro72_we_jb3/obj/SHARED_LIBRARIES/libperfservice_intermediates/
target/product/ipro72_we_jb3/obj/SHARED_LIBRARIES/libperfservice_intermediates/export_includes
target/product/ipro72_we_jb3/obj/SHARED_LIBRARIES/libpppbtdun_intermediates/
target/product/ipro72_we_jb3/obj/SHARED_LIBRARIES/libpppbtdun_intermediates/export_includes
target/product/ipro72_we_jb3/obj/SHARED_LIBRARIES/libril3mtk_intermediates/
target/product/ipro72_we_jb3/obj/SHARED_LIBRARIES/libril3mtk_intermediates/export_includes
target/product/ipro72_we_jb3/obj/SHARED_LIBRARIES/libssladp_intermediates/
target/product/ipro72_we_jb3/obj/SHARED_LIBRARIES/libssladp_intermediates/export_includes
target/product/ipro72_we_jb3/obj/SHARED_LIBRARIES/libstagefright_memutil_intermediates/
target/product/ipro72_we_jb3/obj/SHARED_LIBRARIES/libstagefright_memutil_intermediates/export_includes
target/product/ipro72_we_jb3/obj/SHARED_LIBRARIES/libstagefrighthw_intermediates/
target/product/ipro72_we_jb3/obj/SHARED_LIBRARIES/libstagefrighthw_intermediates/export_includes
target/product/ipro72_we_jb3/obj/SHARED_LIBRARIES/libutilril3mtk_intermediates/
target/product/ipro72_we_jb3/obj/SHARED_LIBRARIES/libutilril3mtk_intermediates/export_includes
target/product/ipro72_we_jb3/obj/SHARED_LIBRARIES/libvcodec_utility_intermediates/
target/product/ipro72_we_jb3/obj/SHARED_LIBRARIES/libvcodec_utility_intermediates/export_includes
target/product/ipro72_we_jb3/obj/SHARED_LIBRARIES/libvcodecdrv_intermediates/
target/product/ipro72_we_jb3/obj/SHARED_LIBRARIES/libvcodecdrv_intermediates/export_includes
target/product/ipro72_we_jb3/obj/SHARED_LIBRARIES/libvoicerecognition_intermediates/
target/product/ipro72_we_jb3/obj/SHARED_LIBRARIES/libvoicerecognition_intermediates/export_includes
target/product/ipro72_we_jb3/obj/SHARED_LIBRARIES/libvoicerecognition_jni_intermediates/
target/product/ipro72_we_jb3/obj/SHARED_LIBRARIES/libvoicerecognition_jni_intermediates/export_includes
target/product/ipro72_we_jb3/obj/SHARED_LIBRARIES/libvtmal_intermediates/
target/product/ipro72_we_jb3/obj/SHARED_LIBRARIES/libvtmal_intermediates/export_includes
target/product/ipro72_we_jb3/obj/SHARED_LIBRARIES/libwvdrm_L3_intermediates/
target/product/ipro72_we_jb3/obj/SHARED_LIBRARIES/libwvdrm_L3_intermediates/export_includes
target/product/ipro72_we_jb3/obj/SHARED_LIBRARIES/libwvm_intermediates/
target/product/ipro72_we_jb3/obj/SHARED_LIBRARIES/libwvm_intermediates/export_includes
target/product/ipro72_we_jb3/obj/SHARED_LIBRARIES/mtk-ril3_intermediates/
target/product/ipro72_we_jb3/obj/SHARED_LIBRARIES/mtk-ril3_intermediates/export_includes
target/product/ipro72_we_jb3/obj/STATIC_LIBRARIES/
target/product/ipro72_we_jb3/obj/STATIC_LIBRARIES/asd_core_intermediates/
target/product/ipro72_we_jb3/obj/STATIC_LIBRARIES/asd_core_intermediates/asd_core.a
target/product/ipro72_we_jb3/obj/STATIC_LIBRARIES/asd_core_intermediates/export_includes
target/product/ipro72_we_jb3/obj/STATIC_LIBRARIES/compasslib_h6_gcc_armv4t_1_intermediates/
target/product/ipro72_we_jb3/obj/STATIC_LIBRARIES/compasslib_h6_gcc_armv4t_1_intermediates/compasslib_h6_gcc_armv4t_1.a
target/product/ipro72_we_jb3/obj/STATIC_LIBRARIES/compasslib_h6_gcc_armv4t_1_intermediates/export_includes
target/product/ipro72_we_jb3/obj/STATIC_LIBRARIES/compasslib_h6_gcc_armv4t_intermediates/
target/product/ipro72_we_jb3/obj/STATIC_LIBRARIES/compasslib_h6_gcc_armv4t_intermediates/compasslib_h6_gcc_armv4t.a
target/product/ipro72_we_jb3/obj/STATIC_LIBRARIES/compasslib_h6_gcc_armv4t_intermediates/export_includes
target/product/ipro72_we_jb3/obj/STATIC_LIBRARIES/hwcomposer.mt6572.1.0_intermediates/
target/product/ipro72_we_jb3/obj/STATIC_LIBRARIES/hwcomposer.mt6572.1.0_intermediates/export_includes
target/product/ipro72_we_jb3/obj/STATIC_LIBRARIES/hwcomposer.mt6572.1.0_intermediates/hwcomposer.mt6572.1.0.a
target/product/ipro72_we_jb3/obj/STATIC_LIBRARIES/libAK8975_intermediates/
target/product/ipro72_we_jb3/obj/STATIC_LIBRARIES/libAK8975_intermediates/export_includes
target/product/ipro72_we_jb3/obj/STATIC_LIBRARIES/libAK8975_intermediates/libAK8975.a
target/product/ipro72_we_jb3/obj/STATIC_LIBRARIES/libHdrCoreNeon_intermediates/
target/product/ipro72_we_jb3/obj/STATIC_LIBRARIES/libHdrCoreNeon_intermediates/export_includes
target/product/ipro72_we_jb3/obj/STATIC_LIBRARIES/libHdrCoreNeon_intermediates/libHdrCoreNeon.a
target/product/ipro72_we_jb3/obj/STATIC_LIBRARIES/libMST_intermediates/
target/product/ipro72_we_jb3/obj/STATIC_LIBRARIES/libMST_intermediates/export_includes
target/product/ipro72_we_jb3/obj/STATIC_LIBRARIES/libMST_intermediates/libMST.a
target/product/ipro72_we_jb3/obj/STATIC_LIBRARIES/libMtkOmxAudUtil_intermediates/
target/product/ipro72_we_jb3/obj/STATIC_LIBRARIES/libMtkOmxAudUtil_intermediates/export_includes
target/product/ipro72_we_jb3/obj/STATIC_LIBRARIES/libMtkOmxAudUtil_intermediates/libMtkOmxAudUtil.a
target/product/ipro72_we_jb3/obj/STATIC_LIBRARIES/libMtkOmxAudioDecBase_intermediates/
target/product/ipro72_we_jb3/obj/STATIC_LIBRARIES/libMtkOmxAudioDecBase_intermediates/export_includes
target/product/ipro72_we_jb3/obj/STATIC_LIBRARIES/libMtkOmxAudioDecBase_intermediates/libMtkOmxAudioDecBase.a
target/product/ipro72_we_jb3/obj/STATIC_LIBRARIES/libMtkOmxAudioEncBase_intermediates/
target/product/ipro72_we_jb3/obj/STATIC_LIBRARIES/libMtkOmxAudioEncBase_intermediates/export_includes
target/product/ipro72_we_jb3/obj/STATIC_LIBRARIES/libMtkOmxAudioEncBase_intermediates/libMtkOmxAudioEncBase.a
target/product/ipro72_we_jb3/obj/STATIC_LIBRARIES/libMtkOmxOsalUtils_intermediates/
target/product/ipro72_we_jb3/obj/STATIC_LIBRARIES/libMtkOmxOsalUtils_intermediates/export_includes
target/product/ipro72_we_jb3/obj/STATIC_LIBRARIES/libMtkOmxOsalUtils_intermediates/libMtkOmxOsalUtils.a
target/product/ipro72_we_jb3/obj/STATIC_LIBRARIES/libPano3D_intermediates/
target/product/ipro72_we_jb3/obj/STATIC_LIBRARIES/libPano3D_intermediates/export_includes
target/product/ipro72_we_jb3/obj/STATIC_LIBRARIES/libPano3D_intermediates/libPano3D.a
target/product/ipro72_we_jb3/obj/STATIC_LIBRARIES/libacdapi_azi_intermediates/
target/product/ipro72_we_jb3/obj/STATIC_LIBRARIES/libacdapi_azi_intermediates/export_includes
target/product/ipro72_we_jb3/obj/STATIC_LIBRARIES/libacdapi_azi_intermediates/libacdapi_azi.a
target/product/ipro72_we_jb3/obj/STATIC_LIBRARIES/libale_intermediates/
target/product/ipro72_we_jb3/obj/STATIC_LIBRARIES/libale_intermediates/export_includes
target/product/ipro72_we_jb3/obj/STATIC_LIBRARIES/libale_intermediates/libale.a
target/product/ipro72_we_jb3/obj/STATIC_LIBRARIES/libasdsw_intermediates/
target/product/ipro72_we_jb3/obj/STATIC_LIBRARIES/libasdsw_intermediates/export_includes
target/product/ipro72_we_jb3/obj/STATIC_LIBRARIES/libasdsw_intermediates/libasdsw.a
target/product/ipro72_we_jb3/obj/STATIC_LIBRARIES/libaudiodcrflt_intermediates/
target/product/ipro72_we_jb3/obj/STATIC_LIBRARIES/libaudiodcrflt_intermediates/export_includes
target/product/ipro72_we_jb3/obj/STATIC_LIBRARIES/libaudiodcrflt_intermediates/libaudiodcrflt.a
target/product/ipro72_we_jb3/obj/STATIC_LIBRARIES/libautoramasw_intermediates/
target/product/ipro72_we_jb3/obj/STATIC_LIBRARIES/libautoramasw_intermediates/export_includes
target/product/ipro72_we_jb3/obj/STATIC_LIBRARIES/libautoramasw_intermediates/libautoramasw.a
target/product/ipro72_we_jb3/obj/STATIC_LIBRARIES/libbackup_restore_intermediates/
target/product/ipro72_we_jb3/obj/STATIC_LIBRARIES/libbackup_restore_intermediates/export_includes
target/product/ipro72_we_jb3/obj/STATIC_LIBRARIES/libbackup_restore_intermediates/libbackup_restore.a
target/product/ipro72_we_jb3/obj/STATIC_LIBRARIES/libcmmbsource_intermediates/
target/product/ipro72_we_jb3/obj/STATIC_LIBRARIES/libcmmbsource_intermediates/export_includes
target/product/ipro72_we_jb3/obj/STATIC_LIBRARIES/libcmmbsource_intermediates/libcmmbsource.a
target/product/ipro72_we_jb3/obj/STATIC_LIBRARIES/libcorecylindproj_intermediates/
target/product/ipro72_we_jb3/obj/STATIC_LIBRARIES/libcorecylindproj_intermediates/export_includes
target/product/ipro72_we_jb3/obj/STATIC_LIBRARIES/libcorecylindproj_intermediates/libcorecylindproj.a
target/product/ipro72_we_jb3/obj/STATIC_LIBRARIES/libcorefefm_intermediates/
target/product/ipro72_we_jb3/obj/STATIC_LIBRARIES/libcorefefm_intermediates/export_includes
target/product/ipro72_we_jb3/obj/STATIC_LIBRARIES/libcorefefm_intermediates/libcorefefm.a
target/product/ipro72_we_jb3/obj/STATIC_LIBRARIES/libcoremotion_intermediates/
target/product/ipro72_we_jb3/obj/STATIC_LIBRARIES/libcoremotion_intermediates/export_includes
target/product/ipro72_we_jb3/obj/STATIC_LIBRARIES/libcoremotion_intermediates/libcoremotion.a
target/product/ipro72_we_jb3/obj/STATIC_LIBRARIES/libcorewarp_intermediates/
target/product/ipro72_we_jb3/obj/STATIC_LIBRARIES/libcorewarp_intermediates/export_includes
target/product/ipro72_we_jb3/obj/STATIC_LIBRARIES/libcorewarp_intermediates/libcorewarp.a
target/product/ipro72_we_jb3/obj/STATIC_LIBRARIES/libdex_aosp_intermediates/
target/product/ipro72_we_jb3/obj/STATIC_LIBRARIES/libdex_aosp_intermediates/export_includes
target/product/ipro72_we_jb3/obj/STATIC_LIBRARIES/libdex_aosp_intermediates/libdex_aosp.a
target/product/ipro72_we_jb3/obj/STATIC_LIBRARIES/libdex_intermediates/
target/product/ipro72_we_jb3/obj/STATIC_LIBRARIES/libdex_intermediates/export_includes
target/product/ipro72_we_jb3/obj/STATIC_LIBRARIES/libdex_intermediates/libdex.a
target/product/ipro72_we_jb3/obj/STATIC_LIBRARIES/libdiagnose_intermediates/
target/product/ipro72_we_jb3/obj/STATIC_LIBRARIES/libdiagnose_intermediates/export_includes
target/product/ipro72_we_jb3/obj/STATIC_LIBRARIES/libdiagnose_intermediates/libdiagnose.a
target/product/ipro72_we_jb3/obj/STATIC_LIBRARIES/libdrmwvmcommon_intermediates/
target/product/ipro72_we_jb3/obj/STATIC_LIBRARIES/libdrmwvmcommon_intermediates/export_includes
target/product/ipro72_we_jb3/obj/STATIC_LIBRARIES/libdrmwvmcommon_intermediates/libdrmwvmcommon.a
target/product/ipro72_we_jb3/obj/STATIC_LIBRARIES/libdrvb_jpe_intermediates/
target/product/ipro72_we_jb3/obj/STATIC_LIBRARIES/libdrvb_jpe_intermediates/export_includes
target/product/ipro72_we_jb3/obj/STATIC_LIBRARIES/libdrvb_jpe_intermediates/libdrvb_jpe.a
target/product/ipro72_we_jb3/obj/STATIC_LIBRARIES/libeis_intermediates/
target/product/ipro72_we_jb3/obj/STATIC_LIBRARIES/libeis_intermediates/export_includes
target/product/ipro72_we_jb3/obj/STATIC_LIBRARIES/libeis_intermediates/libeis.a
target/product/ipro72_we_jb3/obj/STATIC_LIBRARIES/libeissw_intermediates/
target/product/ipro72_we_jb3/obj/STATIC_LIBRARIES/libeissw_intermediates/export_includes
target/product/ipro72_we_jb3/obj/STATIC_LIBRARIES/libeissw_intermediates/libeissw.a
target/product/ipro72_we_jb3/obj/STATIC_LIBRARIES/libfacebeauty_intermediates/
target/product/ipro72_we_jb3/obj/STATIC_LIBRARIES/libfacebeauty_intermediates/export_includes
target/product/ipro72_we_jb3/obj/STATIC_LIBRARIES/libfacebeauty_intermediates/libfacebeauty.a
target/product/ipro72_we_jb3/obj/STATIC_LIBRARIES/libfacebeauty_neon_intermediates/
target/product/ipro72_we_jb3/obj/STATIC_LIBRARIES/libfacebeauty_neon_intermediates/export_includes
target/product/ipro72_we_jb3/obj/STATIC_LIBRARIES/libfacebeauty_neon_intermediates/libfacebeauty_neon.a
target/product/ipro72_we_jb3/obj/STATIC_LIBRARIES/libfacebeautysw_intermediates/
target/product/ipro72_we_jb3/obj/STATIC_LIBRARIES/libfacebeautysw_intermediates/export_includes
target/product/ipro72_we_jb3/obj/STATIC_LIBRARIES/libfacebeautysw_intermediates/libfacebeautysw.a
target/product/ipro72_we_jb3/obj/STATIC_LIBRARIES/libfdft_intermediates/
target/product/ipro72_we_jb3/obj/STATIC_LIBRARIES/libfdft_intermediates/export_includes
target/product/ipro72_we_jb3/obj/STATIC_LIBRARIES/libfdft_intermediates/libfdft.a
target/product/ipro72_we_jb3/obj/STATIC_LIBRARIES/libfft_intermediates/
target/product/ipro72_we_jb3/obj/STATIC_LIBRARIES/libfft_intermediates/export_includes
target/product/ipro72_we_jb3/obj/STATIC_LIBRARIES/libfft_intermediates/libfft.a
target/product/ipro72_we_jb3/obj/STATIC_LIBRARIES/libflicker_intermediates/
target/product/ipro72_we_jb3/obj/STATIC_LIBRARIES/libflicker_intermediates/export_includes
target/product/ipro72_we_jb3/obj/STATIC_LIBRARIES/libflicker_intermediates/libflicker.a
target/product/ipro72_we_jb3/obj/STATIC_LIBRARIES/libhdr_intermediates/
target/product/ipro72_we_jb3/obj/STATIC_LIBRARIES/libhdr_intermediates/export_includes
target/product/ipro72_we_jb3/obj/STATIC_LIBRARIES/libhdr_intermediates/libhdr.a
target/product/ipro72_we_jb3/obj/STATIC_LIBRARIES/libhdrsw_intermediates/
target/product/ipro72_we_jb3/obj/STATIC_LIBRARIES/libhdrsw_intermediates/export_includes
target/product/ipro72_we_jb3/obj/STATIC_LIBRARIES/libhdrsw_intermediates/libhdrsw.a
target/product/ipro72_we_jb3/obj/STATIC_LIBRARIES/libjpeg_rvct.NEON_intermediates/
target/product/ipro72_we_jb3/obj/STATIC_LIBRARIES/libjpeg_rvct.NEON_intermediates/export_includes
target/product/ipro72_we_jb3/obj/STATIC_LIBRARIES/libjpeg_rvct.NEON_intermediates/libjpeg_rvct.NEON.a
target/product/ipro72_we_jb3/obj/STATIC_LIBRARIES/liblsctrans_intermediates/
target/product/ipro72_we_jb3/obj/STATIC_LIBRARIES/liblsctrans_intermediates/export_includes
target/product/ipro72_we_jb3/obj/STATIC_LIBRARIES/liblsctrans_intermediates/liblsctrans.a
target/product/ipro72_we_jb3/obj/STATIC_LIBRARIES/libmagcalibrate_intermediates/
target/product/ipro72_we_jb3/obj/STATIC_LIBRARIES/libmagcalibrate_intermediates/export_includes
target/product/ipro72_we_jb3/obj/STATIC_LIBRARIES/libmagcalibrate_intermediates/libmagcalibrate.a
target/product/ipro72_we_jb3/obj/STATIC_LIBRARIES/libmav_intermediates/
target/product/ipro72_we_jb3/obj/STATIC_LIBRARIES/libmav_intermediates/export_includes
target/product/ipro72_we_jb3/obj/STATIC_LIBRARIES/libmav_intermediates/libmav.a
target/product/ipro72_we_jb3/obj/STATIC_LIBRARIES/libmavsw_intermediates/
target/product/ipro72_we_jb3/obj/STATIC_LIBRARIES/libmavsw_intermediates/export_includes
target/product/ipro72_we_jb3/obj/STATIC_LIBRARIES/libmavsw_intermediates/libmavsw.a
target/product/ipro72_we_jb3/obj/STATIC_LIBRARIES/libmhalpipe_comm_intermediates/
target/product/ipro72_we_jb3/obj/STATIC_LIBRARIES/libmhalpipe_comm_intermediates/export_includes
target/product/ipro72_we_jb3/obj/STATIC_LIBRARIES/libmhalpipe_comm_intermediates/libmhalpipe_comm.a
target/product/ipro72_we_jb3/obj/STATIC_LIBRARIES/libmotionsw_intermediates/
target/product/ipro72_we_jb3/obj/STATIC_LIBRARIES/libmotionsw_intermediates/export_includes
target/product/ipro72_we_jb3/obj/STATIC_LIBRARIES/libmotionsw_intermediates/libmotionsw.a
target/product/ipro72_we_jb3/obj/STATIC_LIBRARIES/libmp3dec_mtk_intermediates/
target/product/ipro72_we_jb3/obj/STATIC_LIBRARIES/libmp3dec_mtk_intermediates/export_includes
target/product/ipro72_we_jb3/obj/STATIC_LIBRARIES/libmp3dec_mtk_intermediates/libmp3dec_mtk.a
target/product/ipro72_we_jb3/obj/STATIC_LIBRARIES/libmp4com_intermediates/
target/product/ipro72_we_jb3/obj/STATIC_LIBRARIES/libmp4com_intermediates/export_includes
target/product/ipro72_we_jb3/obj/STATIC_LIBRARIES/libmp4com_intermediates/libmp4com.a
target/product/ipro72_we_jb3/obj/STATIC_LIBRARIES/libmtkbtextsys_intermediates/
target/product/ipro72_we_jb3/obj/STATIC_LIBRARIES/libmtkbtextsys_intermediates/export_includes
target/product/ipro72_we_jb3/obj/STATIC_LIBRARIES/libmtkbtextsys_intermediates/libmtkbtextsys.a
target/product/ipro72_we_jb3/obj/STATIC_LIBRARIES/libmtkbtstack2_intermediates/
target/product/ipro72_we_jb3/obj/STATIC_LIBRARIES/libmtkbtstack2_intermediates/export_includes
target/product/ipro72_we_jb3/obj/STATIC_LIBRARIES/libmtkbtstack2_intermediates/libmtkbtstack2.a
target/product/ipro72_we_jb3/obj/STATIC_LIBRARIES/libmtkbtstack_intermediates/
target/product/ipro72_we_jb3/obj/STATIC_LIBRARIES/libmtkbtstack_intermediates/export_includes
target/product/ipro72_we_jb3/obj/STATIC_LIBRARIES/libmtkbtstack_intermediates/libmtkbtstack.a
target/product/ipro72_we_jb3/obj/STATIC_LIBRARIES/libmtkjpeg_rvct.NEON_intermediates/
target/product/ipro72_we_jb3/obj/STATIC_LIBRARIES/libmtkjpeg_rvct.NEON_intermediates/export_includes
target/product/ipro72_we_jb3/obj/STATIC_LIBRARIES/libmtkjpeg_rvct.NEON_intermediates/libmtkjpeg_rvct.NEON.a
target/product/ipro72_we_jb3/obj/STATIC_LIBRARIES/libmtksqlite3_android_intermediates/
target/product/ipro72_we_jb3/obj/STATIC_LIBRARIES/libmtksqlite3_android_intermediates/export_includes
target/product/ipro72_we_jb3/obj/STATIC_LIBRARIES/libmtksqlite3_android_intermediates/libmtksqlite3_android.a
target/product/ipro72_we_jb3/obj/STATIC_LIBRARIES/liboemcrypto_intermediates/
target/product/ipro72_we_jb3/obj/STATIC_LIBRARIES/liboemcrypto_intermediates/export_includes
target/product/ipro72_we_jb3/obj/STATIC_LIBRARIES/liboemcrypto_intermediates/liboemcrypto.a
target/product/ipro72_we_jb3/obj/STATIC_LIBRARIES/libpano3dsw_intermediates/
target/product/ipro72_we_jb3/obj/STATIC_LIBRARIES/libpano3dsw_intermediates/export_includes
target/product/ipro72_we_jb3/obj/STATIC_LIBRARIES/libpano3dsw_intermediates/libpano3dsw.a
target/product/ipro72_we_jb3/obj/STATIC_LIBRARIES/librilmtk-prop-md1_intermediates/
target/product/ipro72_we_jb3/obj/STATIC_LIBRARIES/librilmtk-prop-md1_intermediates/export_includes
target/product/ipro72_we_jb3/obj/STATIC_LIBRARIES/librilmtk-prop-md1_intermediates/librilmtk-prop-md1.a
target/product/ipro72_we_jb3/obj/STATIC_LIBRARIES/librilmtk-prop-md2_intermediates/
target/product/ipro72_we_jb3/obj/STATIC_LIBRARIES/librilmtk-prop-md2_intermediates/export_includes
target/product/ipro72_we_jb3/obj/STATIC_LIBRARIES/librilmtk-prop-md2_intermediates/librilmtk-prop-md2.a
target/product/ipro72_we_jb3/obj/STATIC_LIBRARIES/libskia_opt_intermediates/
target/product/ipro72_we_jb3/obj/STATIC_LIBRARIES/libskia_opt_intermediates/export_includes
target/product/ipro72_we_jb3/obj/STATIC_LIBRARIES/libskia_opt_intermediates/libskia_opt.a
target/product/ipro72_we_jb3/obj/STATIC_LIBRARIES/libtpi_egl_intermediates/
target/product/ipro72_we_jb3/obj/STATIC_LIBRARIES/libtpi_egl_intermediates/export_includes
target/product/ipro72_we_jb3/obj/STATIC_LIBRARIES/libtpi_egl_intermediates/libtpi_egl.a
target/product/ipro72_we_jb3/obj/STATIC_LIBRARIES/libtpi_intermediates/
target/product/ipro72_we_jb3/obj/STATIC_LIBRARIES/libtpi_intermediates/export_includes
target/product/ipro72_we_jb3/obj/STATIC_LIBRARIES/libtpi_intermediates/libtpi.a
target/product/ipro72_we_jb3/obj/STATIC_LIBRARIES/libtsfsw_intermediates/
target/product/ipro72_we_jb3/obj/STATIC_LIBRARIES/libtsfsw_intermediates/export_includes
target/product/ipro72_we_jb3/obj/STATIC_LIBRARIES/libtsfsw_intermediates/libtsfsw.a
target/product/ipro72_we_jb3/obj/STATIC_LIBRARIES/libunit_framework_intermediates/
target/product/ipro72_we_jb3/obj/STATIC_LIBRARIES/libunit_framework_intermediates/export_includes
target/product/ipro72_we_jb3/obj/STATIC_LIBRARIES/libunit_framework_intermediates/libunit_framework.a
target/product/ipro72_we_jb3/obj/STATIC_LIBRARIES/libutilFilteringNeon_intermediates/
target/product/ipro72_we_jb3/obj/STATIC_LIBRARIES/libutilFilteringNeon_intermediates/export_includes
target/product/ipro72_we_jb3/obj/STATIC_LIBRARIES/libutilFilteringNeon_intermediates/libutilFilteringNeon.a
target/product/ipro72_we_jb3/obj/STATIC_LIBRARIES/libutilMultiFrameNeon_intermediates/
target/product/ipro72_we_jb3/obj/STATIC_LIBRARIES/libutilMultiFrameNeon_intermediates/export_includes
target/product/ipro72_we_jb3/obj/STATIC_LIBRARIES/libutilMultiFrameNeon_intermediates/libutilMultiFrameNeon.a
target/product/ipro72_we_jb3/obj/STATIC_LIBRARIES/libutilfiltering_intermediates/
target/product/ipro72_we_jb3/obj/STATIC_LIBRARIES/libutilfiltering_intermediates/export_includes
target/product/ipro72_we_jb3/obj/STATIC_LIBRARIES/libutilfiltering_intermediates/libutilfiltering.a
target/product/ipro72_we_jb3/obj/STATIC_LIBRARIES/libutilimagpu_intermediates/
target/product/ipro72_we_jb3/obj/STATIC_LIBRARIES/libutilimagpu_intermediates/export_includes
target/product/ipro72_we_jb3/obj/STATIC_LIBRARIES/libutilimagpu_intermediates/libutilimagpu.a
target/product/ipro72_we_jb3/obj/STATIC_LIBRARIES/libutilitysw_intermediates/
target/product/ipro72_we_jb3/obj/STATIC_LIBRARIES/libutilitysw_intermediates/export_includes
target/product/ipro72_we_jb3/obj/STATIC_LIBRARIES/libutilitysw_intermediates/libutilitysw.a
target/product/ipro72_we_jb3/obj/STATIC_LIBRARIES/libutilmath_intermediates/
target/product/ipro72_we_jb3/obj/STATIC_LIBRARIES/libutilmath_intermediates/export_includes
target/product/ipro72_we_jb3/obj/STATIC_LIBRARIES/libutilmath_intermediates/libutilmath.a
target/product/ipro72_we_jb3/obj/STATIC_LIBRARIES/libutilmultiframe_intermediates/
target/product/ipro72_we_jb3/obj/STATIC_LIBRARIES/libutilmultiframe_intermediates/export_includes
target/product/ipro72_we_jb3/obj/STATIC_LIBRARIES/libutilmultiframe_intermediates/libutilmultiframe.a
target/product/ipro72_we_jb3/obj/STATIC_LIBRARIES/libutiltransform_intermediates/
target/product/ipro72_we_jb3/obj/STATIC_LIBRARIES/libutiltransform_intermediates/export_includes
target/product/ipro72_we_jb3/obj/STATIC_LIBRARIES/libutiltransform_intermediates/libutiltransform.a
target/product/ipro72_we_jb3/obj/STATIC_LIBRARIES/libuvtswdec_intermediates/
target/product/ipro72_we_jb3/obj/STATIC_LIBRARIES/libuvtswdec_intermediates/export_includes
target/product/ipro72_we_jb3/obj/STATIC_LIBRARIES/libuvtswdec_intermediates/libuvtswdec.a
target/product/ipro72_we_jb3/obj/STATIC_LIBRARIES/libuvtswenc_intermediates/
target/product/ipro72_we_jb3/obj/STATIC_LIBRARIES/libuvtswenc_intermediates/export_includes
target/product/ipro72_we_jb3/obj/STATIC_LIBRARIES/libuvtswenc_intermediates/libuvtswenc.a
target/product/ipro72_we_jb3/obj/STATIC_LIBRARIES/libwarpsw_intermediates/
target/product/ipro72_we_jb3/obj/STATIC_LIBRARIES/libwarpsw_intermediates/export_includes
target/product/ipro72_we_jb3/obj/STATIC_LIBRARIES/libwarpsw_intermediates/libwarpsw.a
target/product/ipro72_we_jb3/obj/STATIC_LIBRARIES/libwvdecryptcommon_intermediates/
target/product/ipro72_we_jb3/obj/STATIC_LIBRARIES/libwvdecryptcommon_intermediates/export_includes
target/product/ipro72_we_jb3/obj/STATIC_LIBRARIES/libwvdecryptcommon_intermediates/libwvdecryptcommon.a
target/product/ipro72_we_jb3/obj/STATIC_LIBRARIES/libwvmcommon_intermediates/
target/product/ipro72_we_jb3/obj/STATIC_LIBRARIES/libwvmcommon_intermediates/export_includes
target/product/ipro72_we_jb3/obj/STATIC_LIBRARIES/libwvmcommon_intermediates/libwvmcommon.a
target/product/ipro72_we_jb3/obj/STATIC_LIBRARIES/libwvocs_L3_intermediates/
target/product/ipro72_we_jb3/obj/STATIC_LIBRARIES/libwvocs_L3_intermediates/export_includes
target/product/ipro72_we_jb3/obj/STATIC_LIBRARIES/libwvocs_L3_intermediates/libwvocs_L3.a
target/product/ipro72_we_jb3/obj/STATIC_LIBRARIES/libxlog_intermediates/
target/product/ipro72_we_jb3/obj/STATIC_LIBRARIES/libxlog_intermediates/export_includes
target/product/ipro72_we_jb3/obj/STATIC_LIBRARIES/libxlog_intermediates/libxlog.a
target/product/ipro72_we_jb3/obj/STATIC_LIBRARIES/libyamaha_utils_intermediates/
target/product/ipro72_we_jb3/obj/STATIC_LIBRARIES/libyamaha_utils_intermediates/export_includes
target/product/ipro72_we_jb3/obj/STATIC_LIBRARIES/libyamaha_utils_intermediates/libyamaha_utils.a
target/product/ipro72_we_jb3/obj/STATIC_LIBRARIES/mtk-ril-prop-md1_intermediates/
target/product/ipro72_we_jb3/obj/STATIC_LIBRARIES/mtk-ril-prop-md1_intermediates/export_includes
target/product/ipro72_we_jb3/obj/STATIC_LIBRARIES/mtk-ril-prop-md1_intermediates/mtk-ril-prop-md1.a
target/product/ipro72_we_jb3/obj/STATIC_LIBRARIES/mtk-ril-prop-md2_intermediates/
target/product/ipro72_we_jb3/obj/STATIC_LIBRARIES/mtk-ril-prop-md2_intermediates/export_includes
target/product/ipro72_we_jb3/obj/STATIC_LIBRARIES/mtk-ril-prop-md2_intermediates/mtk-ril-prop-md2.a
target/product/ipro72_we_jb3/obj/STATIC_LIBRARIES/pal_intermediates/
target/product/ipro72_we_jb3/obj/STATIC_LIBRARIES/pal_intermediates/export_includes
target/product/ipro72_we_jb3/obj/STATIC_LIBRARIES/pal_intermediates/pal.a
target/product/ipro72_we_jb3/obj/STATIC_LIBRARIES/rild-prop-md1_intermediates/
target/product/ipro72_we_jb3/obj/STATIC_LIBRARIES/rild-prop-md1_intermediates/export_includes
target/product/ipro72_we_jb3/obj/STATIC_LIBRARIES/rild-prop-md1_intermediates/rild-prop-md1.a
target/product/ipro72_we_jb3/obj/STATIC_LIBRARIES/rild-prop-md2_intermediates/
target/product/ipro72_we_jb3/obj/STATIC_LIBRARIES/rild-prop-md2_intermediates/export_includes
target/product/ipro72_we_jb3/obj/STATIC_LIBRARIES/rild-prop-md2_intermediates/rild-prop-md2.a
target/product/ipro72_we_jb3/obj/include/
target/product/ipro72_we_jb3/obj/include/clang/
target/product/ipro72_we_jb3/obj/include/clang/arm_neon.h
target/product/ipro72_we_jb3/obj/include/dfo/
target/product/ipro72_we_jb3/obj/include/dfo/CFG_Dfo_Default.h
target/product/ipro72_we_jb3/obj/include/dfo/CFG_Dfo_File.h
target/product/ipro72_we_jb3/obj/include/dfo/DfoBoot.h
target/product/ipro72_we_jb3/obj/include/dfo/DfoBootDefault.h
target/product/ipro72_we_jb3/obj/include/dfo/DfoDefines.h
target/product/ipro72_we_jb3/obj/include/libexpat/
target/product/ipro72_we_jb3/obj/include/libexpat/expat.h
target/product/ipro72_we_jb3/obj/include/libexpat/expat_external.h
target/product/ipro72_we_jb3/obj/include/libpng/
target/product/ipro72_we_jb3/obj/include/libpng/png.h
target/product/ipro72_we_jb3/obj/include/libpng/pngconf.h
target/product/ipro72_we_jb3/obj/include/libpng/pngusr.h
target/product/ipro72_we_jb3/obj/include/libsonivox/
target/product/ipro72_we_jb3/obj/include/libsonivox/eas.h
target/product/ipro72_we_jb3/obj/include/libsonivox/eas_reverb.h
target/product/ipro72_we_jb3/obj/include/libsonivox/eas_types.h
target/product/ipro72_we_jb3/obj/include/libsonivox/jet.h
target/product/ipro72_we_jb3/obj/include/libwpa_client/
target/product/ipro72_we_jb3/obj/include/libwpa_client/wpa_ctrl.h
target/product/ipro72_we_jb3/obj/include/selinux/
target/product/ipro72_we_jb3/obj/include/selinux/android.h
target/product/ipro72_we_jb3/obj/include/selinux/avc.h
target/product/ipro72_we_jb3/obj/include/selinux/context.h
target/product/ipro72_we_jb3/obj/include/selinux/label.h
target/product/ipro72_we_jb3/obj/include/selinux/selinux.h
target/product/ipro72_we_jb3/obj/lib/
target/product/ipro72_we_jb3/obj/lib/gralloc.mt6572.so
target/product/ipro72_we_jb3/obj/lib/libEGL_mali.so
target/product/ipro72_we_jb3/obj/lib/libGLESv1_CM_mali.so
target/product/ipro72_we_jb3/obj/lib/libGLESv2_mali.so
target/product/ipro72_we_jb3/obj/lib/libGdmaScalerPipe.so
target/product/ipro72_we_jb3/obj/lib/libI420colorconvert.so
target/product/ipro72_we_jb3/obj/lib/libJniAtvService.so
target/product/ipro72_we_jb3/obj/lib/libJpgDecPipe.so
target/product/ipro72_we_jb3/obj/lib/libJpgEncPipe.so
target/product/ipro72_we_jb3/obj/lib/libMali.so
target/product/ipro72_we_jb3/obj/lib/libMtkOmxAMRNBDec.so
target/product/ipro72_we_jb3/obj/lib/libMtkOmxAMRWBDec.so
target/product/ipro72_we_jb3/obj/lib/libMtkOmxAacDec.so
target/product/ipro72_we_jb3/obj/lib/libMtkOmxAacEnc.so
target/product/ipro72_we_jb3/obj/lib/libMtkOmxAdpcmDec.so
target/product/ipro72_we_jb3/obj/lib/libMtkOmxAdpcmEnc.so
target/product/ipro72_we_jb3/obj/lib/libMtkOmxAmrEnc.so
target/product/ipro72_we_jb3/obj/lib/libMtkOmxApeDec.so
target/product/ipro72_we_jb3/obj/lib/libMtkOmxAwbEnc.so
target/product/ipro72_we_jb3/obj/lib/libMtkOmxCore.so
target/product/ipro72_we_jb3/obj/lib/libMtkOmxFlacDec.so
target/product/ipro72_we_jb3/obj/lib/libMtkOmxG711Dec.so
target/product/ipro72_we_jb3/obj/lib/libMtkOmxMp3Dec.so
target/product/ipro72_we_jb3/obj/lib/libMtkOmxRawDec.so
target/product/ipro72_we_jb3/obj/lib/libMtkOmxVdec.so
target/product/ipro72_we_jb3/obj/lib/libMtkOmxVenc.so
target/product/ipro72_we_jb3/obj/lib/libMtkOmxVorbisDec.so
target/product/ipro72_we_jb3/obj/lib/libMtkOmxVorbisEnc.so
target/product/ipro72_we_jb3/obj/lib/libMtkVideoTranscoder.so
target/product/ipro72_we_jb3/obj/lib/libSwJpgCodec.so
target/product/ipro72_we_jb3/obj/lib/libWVStreamControlAPI_L3.so
target/product/ipro72_we_jb3/obj/lib/liba3m.so
target/product/ipro72_we_jb3/obj/lib/libalehelloworld.so
target/product/ipro72_we_jb3/obj/lib/libamr_wrap.so
target/product/ipro72_we_jb3/obj/lib/libamrvt.so
target/product/ipro72_we_jb3/obj/lib/libatvctrlservice.so
target/product/ipro72_we_jb3/obj/lib/libawb_wrap.so
target/product/ipro72_we_jb3/obj/lib/libbtcust.so
target/product/ipro72_we_jb3/obj/lib/libbtem.so
target/product/ipro72_we_jb3/obj/lib/libbtpcm.so
target/product/ipro72_we_jb3/obj/lib/libbtsniff.so
target/product/ipro72_we_jb3/obj/lib/libc_fdleak_debug_mtk.so
target/product/ipro72_we_jb3/obj/lib/libcamalgo.so
target/product/ipro72_we_jb3/obj/lib/libdpframework.so
target/product/ipro72_we_jb3/obj/lib/libdrmmtkplugin.so
target/product/ipro72_we_jb3/obj/lib/libdrmmtkutil.so
target/product/ipro72_we_jb3/obj/lib/libdrmwvmplugin.so
target/product/ipro72_we_jb3/obj/lib/libdvm.so
target/product/ipro72_we_jb3/obj/lib/libdvm_aosp.so
target/product/ipro72_we_jb3/obj/lib/libdvm_assert.so
target/product/ipro72_we_jb3/obj/lib/libdvm_interp.so
target/product/ipro72_we_jb3/obj/lib/libdvm_sv.so
target/product/ipro72_we_jb3/obj/lib/libextavrcp.so
target/product/ipro72_we_jb3/obj/lib/libextavrcp_jni.so
target/product/ipro72_we_jb3/obj/lib/libextbip.so
target/product/ipro72_we_jb3/obj/lib/libextbip_jni.so
target/product/ipro72_we_jb3/obj/lib/libextbpp.so
target/product/ipro72_we_jb3/obj/lib/libextbpp_jni.so
target/product/ipro72_we_jb3/obj/lib/libextdun_jni.so
target/product/ipro72_we_jb3/obj/lib/libextftp.so
target/product/ipro72_we_jb3/obj/lib/libextftp_jni.so
target/product/ipro72_we_jb3/obj/lib/libexthid.so
target/product/ipro72_we_jb3/obj/lib/libexthid_jni.so
target/product/ipro72_we_jb3/obj/lib/libextjsr82.so
target/product/ipro72_we_jb3/obj/lib/libextmap.so
target/product/ipro72_we_jb3/obj/lib/libextmap_jni.so
target/product/ipro72_we_jb3/obj/lib/libextopp.so
target/product/ipro72_we_jb3/obj/lib/libextopp_jni.so
target/product/ipro72_we_jb3/obj/lib/libextpan_jni.so
target/product/ipro72_we_jb3/obj/lib/libextpbap.so
target/product/ipro72_we_jb3/obj/lib/libextpbap_jni.so
target/product/ipro72_we_jb3/obj/lib/libextsimap.so
target/product/ipro72_we_jb3/obj/lib/libextsimap_jni.so
target/product/ipro72_we_jb3/obj/lib/libextsys.so
target/product/ipro72_we_jb3/obj/lib/libextsys_jni.so
target/product/ipro72_we_jb3/obj/lib/libexttestmode.so
target/product/ipro72_we_jb3/obj/lib/libfile_op.so
target/product/ipro72_we_jb3/obj/lib/libflv.so
target/product/ipro72_we_jb3/obj/lib/libflvextractor.so
target/product/ipro72_we_jb3/obj/lib/libhwm.so
target/product/ipro72_we_jb3/obj/lib/libja3m.so
target/product/ipro72_we_jb3/obj/lib/libjpeg.so
target/product/ipro72_we_jb3/obj/lib/libjtranscode.so
target/product/ipro72_we_jb3/obj/lib/libloudnesswrapper_mtk.so
target/product/ipro72_we_jb3/obj/lib/libm4u.so
target/product/ipro72_we_jb3/obj/lib/libmexif.so
target/product/ipro72_we_jb3/obj/lib/libmhalImageCodec.so
target/product/ipro72_we_jb3/obj/lib/libmhalutility.so
target/product/ipro72_we_jb3/obj/lib/libmmprofile.so
target/product/ipro72_we_jb3/obj/lib/libmpo.so
target/product/ipro72_we_jb3/obj/lib/libmpodecoder.so
target/product/ipro72_we_jb3/obj/lib/libmpoencoder.so
target/product/ipro72_we_jb3/obj/lib/libmtk_drvb.so
target/product/ipro72_we_jb3/obj/lib/libmtk_vt_client.so
target/product/ipro72_we_jb3/obj/lib/libmtk_vt_em.so
target/product/ipro72_we_jb3/obj/lib/libmtk_vt_service.so
target/product/ipro72_we_jb3/obj/lib/libmtk_vt_swip.so
target/product/ipro72_we_jb3/obj/lib/libmtk_vt_utils.so
target/product/ipro72_we_jb3/obj/lib/libmtka2dp.so
target/product/ipro72_we_jb3/obj/lib/libmtkbtextadp.so
target/product/ipro72_we_jb3/obj/lib/libmtkbtextadpa2dp.so
target/product/ipro72_we_jb3/obj/lib/libmtkbtextpan.so
target/product/ipro72_we_jb3/obj/lib/libmtkbtextspp.so
target/product/ipro72_we_jb3/obj/lib/libmtkjpeg.so
target/product/ipro72_we_jb3/obj/lib/libmtkplayer.so
target/product/ipro72_we_jb3/obj/lib/libnativecheck-jni.so
target/product/ipro72_we_jb3/obj/lib/libnvram.so
target/product/ipro72_we_jb3/obj/lib/libpalsecurity.so
target/product/ipro72_we_jb3/obj/lib/libpalwlan_mtk.so
target/product/ipro72_we_jb3/obj/lib/libperfservice.so
target/product/ipro72_we_jb3/obj/lib/libpppbtdun.so
target/product/ipro72_we_jb3/obj/lib/libril3mtk.so
target/product/ipro72_we_jb3/obj/lib/libssladp.so
target/product/ipro72_we_jb3/obj/lib/libstagefright_memutil.so
target/product/ipro72_we_jb3/obj/lib/libstagefrighthw.so
target/product/ipro72_we_jb3/obj/lib/libutilril3mtk.so
target/product/ipro72_we_jb3/obj/lib/libvcodec_utility.so
target/product/ipro72_we_jb3/obj/lib/libvcodecdrv.so
target/product/ipro72_we_jb3/obj/lib/libvoicerecognition.so
target/product/ipro72_we_jb3/obj/lib/libvoicerecognition_jni.so
target/product/ipro72_we_jb3/obj/lib/libvtmal.so
target/product/ipro72_we_jb3/obj/lib/libwvdrm_L3.so
target/product/ipro72_we_jb3/obj/lib/libwvm.so
target/product/ipro72_we_jb3/obj/lib/mtk-ril3.so
target/product/ipro72_we_jb3/system/
target/product/ipro72_we_jb3/system/bin/
target/product/ipro72_we_jb3/system/bin/akmd8963
target/product/ipro72_we_jb3/system/bin/akmd8975
target/product/ipro72_we_jb3/system/bin/ami304d
target/product/ipro72_we_jb3/system/bin/bmm050d
target/product/ipro72_we_jb3/system/bin/btconfig
target/product/ipro72_we_jb3/system/bin/btlogmask
target/product/ipro72_we_jb3/system/bin/ccci_fsd
target/product/ipro72_we_jb3/system/bin/ccci_mdinit
target/product/ipro72_we_jb3/system/bin/dualmdlogger
target/product/ipro72_we_jb3/system/bin/fsck_msdos_mtk
target/product/ipro72_we_jb3/system/bin/geomagneticd
target/product/ipro72_we_jb3/system/bin/lsm303md
target/product/ipro72_we_jb3/system/bin/magd
target/product/ipro72_we_jb3/system/bin/mc6420d
target/product/ipro72_we_jb3/system/bin/md_minilog_util
target/product/ipro72_we_jb3/system/bin/mdlogger
target/product/ipro72_we_jb3/system/bin/memsicd
target/product/ipro72_we_jb3/system/bin/memsicd3416x
target/product/ipro72_we_jb3/system/bin/mfv_ut
target/product/ipro72_we_jb3/system/bin/mobile_log_d
target/product/ipro72_we_jb3/system/bin/msensord
target/product/ipro72_we_jb3/system/bin/mtk_agpsd
target/product/ipro72_we_jb3/system/bin/mtkbt
target/product/ipro72_we_jb3/system/bin/muxreport
target/product/ipro72_we_jb3/system/bin/netdiag
target/product/ipro72_we_jb3/system/bin/nvram_agent_binder
target/product/ipro72_we_jb3/system/bin/nvram_daemon
target/product/ipro72_we_jb3/system/bin/orientationd
target/product/ipro72_we_jb3/system/bin/s62xd
target/product/ipro72_we_jb3/system/bin/shutdown
target/product/ipro72_we_jb3/system/bin/thermal_manager
target/product/ipro72_we_jb3/system/bin/tiny_mkswap
target/product/ipro72_we_jb3/system/bin/tiny_swapoff
target/product/ipro72_we_jb3/system/bin/tiny_swapon
target/product/ipro72_we_jb3/system/bin/xlog
target/product/ipro72_we_jb3/system/etc/
target/product/ipro72_we_jb3/system/etc/permissions/
target/product/ipro72_we_jb3/system/etc/permissions/com.google.widevine.software.drm.xml
target/product/ipro72_we_jb3/system/framework/
target/product/ipro72_we_jb3/system/framework/com.google.widevine.software.drm.jar
target/product/ipro72_we_jb3/system/lib/
target/product/ipro72_we_jb3/system/lib/libGdmaScalerPipe.so
target/product/ipro72_we_jb3/system/lib/libI420colorconvert.so
target/product/ipro72_we_jb3/system/lib/libJniAtvService.so
target/product/ipro72_we_jb3/system/lib/libJpgDecPipe.so
target/product/ipro72_we_jb3/system/lib/libJpgEncPipe.so
target/product/ipro72_we_jb3/system/lib/libMali.so
target/product/ipro72_we_jb3/system/lib/libMtkOmxAMRNBDec.so
target/product/ipro72_we_jb3/system/lib/libMtkOmxAMRWBDec.so
target/product/ipro72_we_jb3/system/lib/libMtkOmxAacDec.so
target/product/ipro72_we_jb3/system/lib/libMtkOmxAacEnc.so
target/product/ipro72_we_jb3/system/lib/libMtkOmxAdpcmDec.so
target/product/ipro72_we_jb3/system/lib/libMtkOmxAdpcmEnc.so
target/product/ipro72_we_jb3/system/lib/libMtkOmxAmrEnc.so
target/product/ipro72_we_jb3/system/lib/libMtkOmxApeDec.so
target/product/ipro72_we_jb3/system/lib/libMtkOmxAwbEnc.so
target/product/ipro72_we_jb3/system/lib/libMtkOmxCore.so
target/product/ipro72_we_jb3/system/lib/libMtkOmxFlacDec.so
target/product/ipro72_we_jb3/system/lib/libMtkOmxG711Dec.so
target/product/ipro72_we_jb3/system/lib/libMtkOmxMp3Dec.so
target/product/ipro72_we_jb3/system/lib/libMtkOmxRawDec.so
target/product/ipro72_we_jb3/system/lib/libMtkOmxVdec.so
target/product/ipro72_we_jb3/system/lib/libMtkOmxVenc.so
target/product/ipro72_we_jb3/system/lib/libMtkOmxVorbisDec.so
target/product/ipro72_we_jb3/system/lib/libMtkOmxVorbisEnc.so
target/product/ipro72_we_jb3/system/lib/libMtkVideoTranscoder.so
target/product/ipro72_we_jb3/system/lib/libSwJpgCodec.so
target/product/ipro72_we_jb3/system/lib/liba3m.so
target/product/ipro72_we_jb3/system/lib/libamr_wrap.so
target/product/ipro72_we_jb3/system/lib/libamrvt.so
target/product/ipro72_we_jb3/system/lib/libatvctrlservice.so
target/product/ipro72_we_jb3/system/lib/libawb_wrap.so
target/product/ipro72_we_jb3/system/lib/libbtcust.so
target/product/ipro72_we_jb3/system/lib/libbtem.so
target/product/ipro72_we_jb3/system/lib/libbtpcm.so
target/product/ipro72_we_jb3/system/lib/libbtsniff.so
target/product/ipro72_we_jb3/system/lib/libcamalgo.so
target/product/ipro72_we_jb3/system/lib/libdpframework.so
target/product/ipro72_we_jb3/system/lib/libdrmmtkutil.so
target/product/ipro72_we_jb3/system/lib/libdvm.so
target/product/ipro72_we_jb3/system/lib/libextavrcp.so
target/product/ipro72_we_jb3/system/lib/libextavrcp_jni.so
target/product/ipro72_we_jb3/system/lib/libextbip.so
target/product/ipro72_we_jb3/system/lib/libextbip_jni.so
target/product/ipro72_we_jb3/system/lib/libextbpp.so
target/product/ipro72_we_jb3/system/lib/libextbpp_jni.so
target/product/ipro72_we_jb3/system/lib/libextdun_jni.so
target/product/ipro72_we_jb3/system/lib/libextftp.so
target/product/ipro72_we_jb3/system/lib/libextftp_jni.so
target/product/ipro72_we_jb3/system/lib/libexthid.so
target/product/ipro72_we_jb3/system/lib/libexthid_jni.so
target/product/ipro72_we_jb3/system/lib/libextjsr82.so
target/product/ipro72_we_jb3/system/lib/libextmap.so
target/product/ipro72_we_jb3/system/lib/libextmap_jni.so
target/product/ipro72_we_jb3/system/lib/libextopp.so
target/product/ipro72_we_jb3/system/lib/libextopp_jni.so
target/product/ipro72_we_jb3/system/lib/libextpan_jni.so
target/product/ipro72_we_jb3/system/lib/libextpbap.so
target/product/ipro72_we_jb3/system/lib/libextpbap_jni.so
target/product/ipro72_we_jb3/system/lib/libextsimap.so
target/product/ipro72_we_jb3/system/lib/libextsimap_jni.so
target/product/ipro72_we_jb3/system/lib/libextsys.so
target/product/ipro72_we_jb3/system/lib/libextsys_jni.so
target/product/ipro72_we_jb3/system/lib/libexttestmode.so
target/product/ipro72_we_jb3/system/lib/libfile_op.so
target/product/ipro72_we_jb3/system/lib/libflv.so
target/product/ipro72_we_jb3/system/lib/libflvextractor.so
target/product/ipro72_we_jb3/system/lib/libhwm.so
target/product/ipro72_we_jb3/system/lib/libja3m.so
target/product/ipro72_we_jb3/system/lib/libjpeg.so
target/product/ipro72_we_jb3/system/lib/libm4u.so
target/product/ipro72_we_jb3/system/lib/libmhalImageCodec.so
target/product/ipro72_we_jb3/system/lib/libmmprofile.so
target/product/ipro72_we_jb3/system/lib/libmpo.so
target/product/ipro72_we_jb3/system/lib/libmpodecoder.so
target/product/ipro72_we_jb3/system/lib/libmpoencoder.so
target/product/ipro72_we_jb3/system/lib/libmtk_drvb.so
target/product/ipro72_we_jb3/system/lib/libmtk_vt_client.so
target/product/ipro72_we_jb3/system/lib/libmtk_vt_em.so
target/product/ipro72_we_jb3/system/lib/libmtk_vt_service.so
target/product/ipro72_we_jb3/system/lib/libmtk_vt_swip.so
target/product/ipro72_we_jb3/system/lib/libmtk_vt_utils.so
target/product/ipro72_we_jb3/system/lib/libmtka2dp.so
target/product/ipro72_we_jb3/system/lib/libmtkbtextadp.so
target/product/ipro72_we_jb3/system/lib/libmtkbtextadpa2dp.so
target/product/ipro72_we_jb3/system/lib/libmtkbtextpan.so
target/product/ipro72_we_jb3/system/lib/libmtkbtextspp.so
target/product/ipro72_we_jb3/system/lib/libmtkplayer.so
target/product/ipro72_we_jb3/system/lib/libnativecheck-jni.so
target/product/ipro72_we_jb3/system/lib/libnvram.so
target/product/ipro72_we_jb3/system/lib/libpalsecurity.so
target/product/ipro72_we_jb3/system/lib/libpalwlan_mtk.so
target/product/ipro72_we_jb3/system/lib/libperfservice.so
target/product/ipro72_we_jb3/system/lib/libpppbtdun.so
target/product/ipro72_we_jb3/system/lib/libssladp.so
target/product/ipro72_we_jb3/system/lib/libstagefright_memutil.so
target/product/ipro72_we_jb3/system/lib/libstagefrighthw.so
target/product/ipro72_we_jb3/system/lib/libvcodec_utility.so
target/product/ipro72_we_jb3/system/lib/libvcodecdrv.so
target/product/ipro72_we_jb3/system/lib/libvoicerecognition.so
target/product/ipro72_we_jb3/system/lib/libvoicerecognition_jni.so
target/product/ipro72_we_jb3/system/lib/libvtmal.so
target/product/ipro72_we_jb3/system/lib/drm/
target/product/ipro72_we_jb3/system/lib/drm/libdrmmtkplugin.so
target/product/ipro72_we_jb3/system/lib/egl/
target/product/ipro72_we_jb3/system/lib/egl/libEGL_mali.so
target/product/ipro72_we_jb3/system/lib/egl/libGLESv1_CM_mali.so
target/product/ipro72_we_jb3/system/lib/egl/libGLESv2_mali.so
target/product/ipro72_we_jb3/system/lib/hw/
target/product/ipro72_we_jb3/system/lib/hw/gralloc.mt6572.so
target/product/ipro72_we_jb3/system/vendor/
target/product/ipro72_we_jb3/system/vendor/lib/
target/product/ipro72_we_jb3/system/vendor/lib/libWVStreamControlAPI_L3.so
target/product/ipro72_we_jb3/system/vendor/lib/libwvdrm_L3.so
target/product/ipro72_we_jb3/system/vendor/lib/libwvm.so
target/product/ipro72_we_jb3/system/vendor/lib/drm/
target/product/ipro72_we_jb3/system/vendor/lib/drm/libdrmwvmplugin.so

sent 114149361 bytes  received 12793 bytes  5854469.44 bytes/sec
total size is 114080923  speedup is 1.00
